<?xml version="1.0" encoding="UTF-8"?>
<!-- Generated by org.testng.reporters.JUnitReportReporter -->
<testsuite hostname="lapsun13" failures="0" tests="1" name="RestAssured.SimpleGetTest" time="3.148" errors="0" timestamp="2019-09-16T13:34:08 IST" skipped="0">
  <testcase classname="RestAssured.SimpleGetTest" name="GetWeatherDetails" time="3.148"/>
</testsuite> <!-- RestAssured.SimpleGetTest -->
