<?xml version="1.0" encoding="UTF-8"?>
<!-- Generated by org.testng.reporters.JUnitReportReporter -->
<testsuite hostname="lapsun13" failures="0" tests="1" name="RestAssured.GetStatusLine" time="2.579" errors="0" timestamp="2019-09-16T14:15:29 IST" skipped="0">
  <testcase classname="RestAssured.GetStatusLine" name="getWeatherStatusLine" time="2.579"/>
</testsuite> <!-- RestAssured.GetStatusLine -->
