<?xml version="1.0" encoding="UTF-8"?>
<!-- Generated by org.testng.reporters.JUnitReportReporter -->
<testsuite hostname="lapsun13" failures="0" tests="1" name="RestAssured.ValidateHeader" time="2.625" errors="0" timestamp="2019-09-16T16:31:13 IST" skipped="0">
  <testcase classname="RestAssured.ValidateHeader" name="validateAllHeaders" time="2.625"/>
</testsuite> <!-- RestAssured.ValidateHeader -->
