<?xml version="1.0" encoding="UTF-8"?>
<!-- Generated by org.testng.reporters.JUnitReportReporter -->
<testsuite hostname="lapsun13" failures="0" tests="1" name="RestAssured.GetAllHeader" time="3.530" errors="0" timestamp="2019-09-16T16:12:37 IST" skipped="0">
  <testcase classname="RestAssured.GetAllHeader" name="getAllHeaders" time="3.530"/>
</testsuite> <!-- RestAssured.GetAllHeader -->
